[13/08/2013 17:07:51] INFO [DaveonIndexer] - Wersja LucyIndexer: 20.07.2013 at core LUCENE_43
[13/08/2013 17:07:51] INFO [DaveonIndexer] - Tryp pracy indexera: FULLINDEXING_MODE
[13/08/2013 17:07:51] INFO [DaveonIndexer] - Rozpoczecie indexowania galezi: d:\smallDEVREPOS
[13/08/2013 17:07:51] INFO [DaveonIndexer] - FULLINDEXING_MODE: affected files list stored in: fullIndexing.files.list
[13/08/2013 17:07:51] INFO [DaveonIndexer] - File List generated. Found 722 potential files for indexing.
[13/08/2013 17:07:52] INFO [DaveonIndexer] - DocIndexingThred(DIT:0.shell(Thread[Thread-0,5,main])) thread started - awaiting queue fillup.
[13/08/2013 17:07:52] INFO [DaveonIndexer] - DocIndexingThred(DIT:1.shell(Thread[Thread-1,5,main])) thread started - awaiting queue fillup.
[13/08/2013 17:07:52] INFO [DaveonIndexer] - DocIndexingThred(DIT:2.shell(Thread[Thread-2,5,main])) thread started - awaiting queue fillup.
[13/08/2013 17:07:52] INFO [DaveonIndexer] - DocIndexingThred(DIT:3.shell(Thread[Thread-3,5,main])) thread started - awaiting queue fillup.
[13/08/2013 17:07:52] INFO [DaveonIndexer] - Starting queue fill. Blocking at 4 items depth.
[13/08/2013 17:07:52] INFO [DaveonIndexer] - IndexWriter Configuration=================
[13/08/2013 17:07:52] INFO [DaveonIndexer] - matchVersion=LUCENE_43
analyzer=org.apache.lucene.analysis.miscellaneous.LimitTokenCountAnalyzer
ramBufferSizeMB=500.0
maxBufferedDocs=-1
maxBufferedDeleteTerms=-1
mergedSegmentWarmer=null
readerTermsIndexDivisor=1
termIndexInterval=32
delPolicy=org.apache.lucene.index.KeepOnlyLastCommitDeletionPolicy
commit=null
openMode=CREATE
similarity=org.apache.lucene.search.similarities.DefaultSimilarity
mergeScheduler=DaveonConcurrentMergeScheduler: maxThreadCount=1, maxMergeCount=2, mergeThreadPriority=-1
default WRITE_LOCK_TIMEOUT=1000
writeLockTimeout=1000
codec=Lucene42
infoStream=org.apache.lucene.util.InfoStream$NoOutput
mergePolicy=[TieredMergePolicy: maxMergeAtOnce=16, maxMergeAtOnceExplicit=30, maxMergedSegmentMB=2000.0, floorSegmentMB=2.0, forceMergeDeletesPctAllowed=10.0, segmentsPerTier=60.0, useCompoundFile=false, maxCFSSegmentSizeMB=8.796093022207999E12, noCFSRatio=0.1
indexerThreadPool=org.apache.lucene.index.ThreadAffinityDocumentsWriterThreadPool@6ed0cc34
readerPooling=false
perThreadHardLimitMB=1945

[13/08/2013 17:07:52] INFO [DaveonIndexer] - Using: 4 processing cores to gain concurrency.
[13/08/2013 17:07:52] INFO [DaveonIndexer] - ==========================================
[13/08/2013 17:07:52] DEBUG [DocIndexingThred] - indexing: .project
[13/08/2013 17:07:52] DEBUG [DocIndexingThred] - indexing: org.eclipse.jdt.apt.core.prefs
[13/08/2013 17:07:52] DEBUG [DocIndexingThred] - indexing: org.eclipse.jdt.core.prefs
[13/08/2013 17:07:52] DEBUG [DocIndexingThred] - indexing: .classpath
[13/08/2013 17:07:52] DEBUG [DocIndexingThred] - indexing: org.eclipse.wst.common.project.facet.core.xml
[13/08/2013 17:07:52] DEBUG [DocIndexingThred] - indexing: build.properties
[13/08/2013 17:07:52] DEBUG [DocIndexingThred] - indexing: EchoHeaders.jws
[13/08/2013 17:07:52] DEBUG [DocIndexingThred] - indexing: fingerprint.jsp
[13/08/2013 17:07:52] DEBUG [DocIndexingThred] - indexing: org.eclipse.wst.common.component
[13/08/2013 17:07:52] DEBUG [DocIndexingThred] - indexing: build.xml
[13/08/2013 17:07:53] DEBUG [DocIndexingThred] - indexing: index.html
[13/08/2013 17:07:53] DEBUG [DocIndexingThred] - indexing: NStoPkg.properties
[13/08/2013 17:07:53] DEBUG [DocIndexingThred] - indexing: happyaxis.jsp
[13/08/2013 17:07:53] DEBUG [DocIndexingThred] - indexing: CKonfiguratorVPShell.java
[13/08/2013 17:07:53] DEBUG [DocIndexingThred] - indexing: SOAPMonitorApplet.java
[13/08/2013 17:07:53] DEBUG [DocIndexingThred] - indexing: CApiCobol.java
[13/08/2013 17:07:53] DEBUG [DocIndexingThred] - indexing: CApiGetLogo.java
[13/08/2013 17:07:53] DEBUG [DocIndexingThred] - indexing: CApiGetOrgLogicModuleTxnCodes.java
[13/08/2013 17:07:53] DEBUG [DocIndexingThred] - indexing: CApiGetOrganizations.java
[13/08/2013 17:07:53] DEBUG [DocIndexingThred] - indexing: CSysState.java
[13/08/2013 17:07:53] DEBUG [DocIndexingThred] - indexing: CCachePol.java
[13/08/2013 17:07:53] DEBUG [DocIndexingThred] - indexing: COdswiezCachePol.java
[13/08/2013 17:07:53] DEBUG [DocIndexingThred] - indexing: CApiGetCardMigrationInfo.java
[13/08/2013 17:07:53] DEBUG [DocIndexingThred] - indexing: CCacheBlockCode.java
[13/08/2013 17:07:53] DEBUG [DocIndexingThred] - indexing: CCacheFormatowWyciagow.java
[13/08/2013 17:07:53] DEBUG [DocIndexingThred] - indexing: CCacheInfoOMigracjiKart.java
[13/08/2013 17:07:53] DEBUG [DocIndexingThred] - indexing: CCacheKodyTransDlaOrgLM.java
[13/08/2013 17:07:53] DEBUG [DocIndexingThred] - indexing: CCacheLikwidacjaHypernowaSosnowiec.java
[13/08/2013 17:07:53] DEBUG [DocIndexingThred] - indexing: CCacheOrg.java
[13/08/2013 17:07:53] DEBUG [DocIndexingThred] - indexing: CCacheLogo.java
[13/08/2013 17:07:53] DEBUG [DocIndexingThred] - indexing: CCachePlanu.java
[13/08/2013 17:07:53] DEBUG [DocIndexingThred] - indexing: CCacheRodzKarty.java
[13/08/2013 17:07:53] DEBUG [DocIndexingThred] - indexing: CCacheProfilNaKanal.java
[13/08/2013 17:07:53] DEBUG [DocIndexingThred] - indexing: CCachePowodZastrzKarty.java
[13/08/2013 17:07:53] DEBUG [DocIndexingThred] - indexing: CCacheRolaKlientaRach.java
[13/08/2013 17:07:53] DEBUG [DocIndexingThred] - indexing: CCacheRodzTelKlientaRach.java
[13/08/2013 17:07:53] DEBUG [DocIndexingThred] - indexing: CCacheSlownikow.java
[13/08/2013 17:07:53] DEBUG [DocIndexingThred] - indexing: CCacheStatKarty.java
[13/08/2013 17:07:53] DEBUG [DocIndexingThred] - indexing: CCacheSprzed.java
[13/08/2013 17:07:53] DEBUG [DocIndexingThred] - indexing: CCacheStatZbiorczyKarty.java
[13/08/2013 17:07:53] DEBUG [DocIndexingThred] - indexing: CCacheStatAutoryzacji.java
[13/08/2013 17:07:53] DEBUG [DocIndexingThred] - indexing: CCacheStatPlastiku.java
[13/08/2013 17:07:53] DEBUG [DocIndexingThred] - indexing: CCacheTypKarty.java
[13/08/2013 17:07:53] DEBUG [DocIndexingThred] - indexing: CCacheSymbolWaluty.java
[13/08/2013 17:07:53] DEBUG [DocIndexingThred] - indexing: CCacheStatZbiorczyRach.java
[13/08/2013 17:07:53] DEBUG [DocIndexingThred] - indexing: CCacheTypOproc.java
[13/08/2013 17:07:53] DEBUG [DocIndexingThred] - indexing: CCacheTypPlanu.java
[13/08/2013 17:07:53] DEBUG [DocIndexingThred] - indexing: CCacheWznKarty.java
[13/08/2013 17:07:53] DEBUG [DocIndexingThred] - indexing: CCacheUzytk.java
[13/08/2013 17:07:53] DEBUG [DocIndexingThred] - indexing: CCacheTypSplaty.java
[13/08/2013 17:07:53] DEBUG [DocIndexingThred] - indexing: CCacheUbezp.java
[13/08/2013 17:07:53] DEBUG [DocIndexingThred] - indexing: CActionLog.java
[13/08/2013 17:07:53] DEBUG [DocIndexingThred] - indexing: CCachePol.java
[13/08/2013 17:07:53] DEBUG [DocIndexingThred] - indexing: CCacheKluczy.java
[13/08/2013 17:07:53] DEBUG [DocIndexingThred] - indexing: ICMSrvWykonawca.java
[13/08/2013 17:07:53] DEBUG [DocIndexingThred] - indexing: CMSrvWykonawcaSoapBindingImpl.java
[13/08/2013 17:07:53] DEBUG [DocIndexingThred] - indexing: CMSrvWykonawcaSoapBindingStub.java
[13/08/2013 17:07:53] DEBUG [DocIndexingThred] - indexing: ICMSrvWykonawcaServiceLocator.java
[13/08/2013 17:07:53] DEBUG [DocIndexingThred] - indexing: CMgrWywolan.java
[13/08/2013 17:07:53] DEBUG [DocIndexingThred] - indexing: CTypSystemInfo.java
[13/08/2013 17:07:53] DEBUG [DocIndexingThred] - indexing: ICMSrvWykonawcaService.java
[13/08/2013 17:07:53] DEBUG [DocIndexingThred] - indexing: CParametrySerwisu.java
[13/08/2013 17:07:53] DEBUG [DocIndexingThred] - indexing: CRekordDanychCTUB.java
[13/08/2013 17:07:53] DEBUG [DocIndexingThred] - indexing: CService.java
[13/08/2013 17:07:53] DEBUG [DocIndexingThred] - indexing: CVPInit.java
[13/08/2013 17:07:53] DEBUG [DocIndexingThred] - indexing: CAktywacjaKartyAPI.java
[13/08/2013 17:07:53] DEBUG [DocIndexingThred] - indexing: CWywolanie.java
[13/08/2013 17:07:53] DEBUG [DocIndexingThred] - indexing: CGenPINAPI.java
[13/08/2013 17:07:53] DEBUG [DocIndexingThred] - indexing: CWywolanieProste.java
[13/08/2013 17:07:53] DEBUG [DocIndexingThred] - indexing: COdblKartZyczAPI.java
[13/08/2013 17:07:53] DEBUG [DocIndexingThred] - indexing: CPrzywrocWznowKartyAPI.java
[13/08/2013 17:07:53] DEBUG [DocIndexingThred] - indexing: COdblokPINAPI.java
[13/08/2013 17:07:53] DEBUG [DocIndexingThred] - indexing: CRezygnujKartaAPI.java
[13/08/2013 17:07:53] DEBUG [DocIndexingThred] - indexing: CRezygnujWznowKartyAPI.java
[13/08/2013 17:07:53] DEBUG [DocIndexingThred] - indexing: CZablKartZyczAPI.java
[13/08/2013 17:07:53] DEBUG [DocIndexingThred] - indexing: CWydajDuplikatAPI.java
[13/08/2013 17:07:53] DEBUG [DocIndexingThred] - indexing: WynikAPI.java
[13/08/2013 17:07:53] DEBUG [DocIndexingThred] - indexing: CZastrzezKarteAPI.java
[13/08/2013 17:07:53] DEBUG [DocIndexingThred] - indexing: CDaneKartyZm.java
[13/08/2013 17:07:53] DEBUG [DocIndexingThred] - indexing: CAktywacjaKarty.java
[13/08/2013 17:07:53] DEBUG [DocIndexingThred] - indexing: CKartaDodatkowa.java
[13/08/2013 17:07:53] DEBUG [DocIndexingThred] - indexing: COdblKartyNaZyczKlienta.java
[13/08/2013 17:07:53] DEBUG [DocIndexingThred] - indexing: CLimitKarty.java
[13/08/2013 17:07:53] DEBUG [DocIndexingThred] - indexing: COdstapienieOdKart.java
[13/08/2013 17:07:53] DEBUG [DocIndexingThred] - indexing: COdstOdKartVPIAPIC009.java
[13/08/2013 17:07:53] DEBUG [DocIndexingThred] - indexing: CRezygnZeWznowieniaKarty.java
[13/08/2013 17:07:53] DEBUG [DocIndexingThred] - indexing: CPrzywrocenieWznowieniaKarty.java
[13/08/2013 17:07:53] DEBUG [DocIndexingThred] - indexing: CRezygnZKarty.java
[13/08/2013 17:07:53] DEBUG [DocIndexingThred] - indexing: CWydanieDuplKarty.java
[13/08/2013 17:07:53] DEBUG [DocIndexingThred] - indexing: CWypowiedzenieKart.java
[13/08/2013 17:07:53] DEBUG [DocIndexingThred] - indexing: CWypowKartVPIAPIC009.java
[13/08/2013 17:07:53] DEBUG [DocIndexingThred] - indexing: CZablKartyNaZyczKlienta.java
[13/08/2013 17:07:53] DEBUG [DocIndexingThred] - indexing: IWSZmianaDanychKarty.java
[13/08/2013 17:07:53] DEBUG [DocIndexingThred] - indexing: CZastrzKarty.java
[13/08/2013 17:07:53] DEBUG [DocIndexingThred] - indexing: IWSZmianaDanychKartyService.java
[13/08/2013 17:07:53] DEBUG [DocIndexingThred] - indexing: IWSZmianaDanychKartyServiceLocator.java
[13/08/2013 17:07:53] DEBUG [DocIndexingThred] - indexing: CZlecenieWygenerowaniaPINu.java
[13/08/2013 17:07:53] DEBUG [DocIndexingThred] - indexing: ZmianaDanychKartySoapBindingImpl.java
[13/08/2013 17:07:53] DEBUG [DocIndexingThred] - indexing: IStaleDaneKartyZm.java
[13/08/2013 17:07:53] DEBUG [DocIndexingThred] - indexing: CDaneLogo.java
[13/08/2013 17:07:53] DEBUG [DocIndexingThred] - indexing: CListaLogo.java
[13/08/2013 17:07:53] DEBUG [DocIndexingThred] - indexing: CDaneOrg.java
[13/08/2013 17:07:53] DEBUG [DocIndexingThred] - indexing: CListaOrg.java
[13/08/2013 17:07:53] DEBUG [DocIndexingThred] - indexing: CDanePlanu.java
[13/08/2013 17:07:53] DEBUG [DocIndexingThred] - indexing: ZmianaDanychKartySoapBindingStub.java
[13/08/2013 17:07:53] DEBUG [DocIndexingThred] - indexing: CListaPlanow.java
[13/08/2013 17:07:53] DEBUG [DocIndexingThred] - indexing: DaneProduktuSoapBindingImpl.java
[13/08/2013 17:07:53] DEBUG [DocIndexingThred] - indexing: CDostepneTypyWycLDostWycAPI.java
[13/08/2013 17:07:53] DEBUG [DocIndexingThred] - indexing: CDaneProduktu.java
[13/08/2013 17:07:53] DEBUG [DocIndexingThred] - indexing: IWSDaneProduktuService.java
[13/08/2013 17:07:53] DEBUG [DocIndexingThred] - indexing: IWSDaneProduktu.java
[13/08/2013 17:07:53] DEBUG [DocIndexingThred] - indexing: IWSDaneProduktuServiceLocator.java
[13/08/2013 17:07:53] DEBUG [DocIndexingThred] - indexing: DaneProduktuSoapBindingStub.java
[13/08/2013 17:07:53] DEBUG [DocIndexingThred] - indexing: CDaneARQBapi.java
[13/08/2013 17:07:53] DEBUG [DocIndexingThred] - indexing: CDaneKlientaAPI.java
[13/08/2013 17:07:53] DEBUG [DocIndexingThred] - indexing: CDanePCTPoZmianieLimituAPI.java
[13/08/2013 17:07:53] DEBUG [DocIndexingThred] - indexing: CDanePlanowAPI.java
[13/08/2013 17:07:53] DEBUG [DocIndexingThred] - indexing: CKodSkarbonkaAPI.java
[13/08/2013 17:07:53] DEBUG [DocIndexingThred] - indexing: CDanePlanuSzczegolyAPI.java
[13/08/2013 17:07:53] DEBUG [DocIndexingThred] - indexing: CIban2VPAcctAPI.java
[13/08/2013 17:07:53] DEBUG [DocIndexingThred] - indexing: CDaneOstWyciaguIPlatnosci.java
[13/08/2013 17:07:53] DEBUG [DocIndexingThred] - indexing: CDaneRachunkuAPI.java
[13/08/2013 17:07:53] DEBUG [DocIndexingThred] - indexing: WynikAPI.java
[13/08/2013 17:07:53] DEBUG [DocIndexingThred] - indexing: CDanePlanu.java
[13/08/2013 17:07:53] DEBUG [DocIndexingThred] - indexing: CDostepneTypyPlatnosci.java
[13/08/2013 17:07:53] DEBUG [DocIndexingThred] - indexing: CDyspozycjaOtwarciaPlanu.java
[13/08/2013 17:07:53] DEBUG [DocIndexingThred] - indexing: CDostepneWariantySplatProduktu.java
[13/08/2013 17:07:53] DEBUG [DocIndexingThred] - indexing: CHistProdKart.java
[13/08/2013 17:07:53] DEBUG [DocIndexingThred] - indexing: CListaKlientow.java
[13/08/2013 17:07:53] DEBUG [DocIndexingThred] - indexing: CListaKart.java
[13/08/2013 17:07:53] DEBUG [DocIndexingThred] - indexing: CLimityKarty.java
[13/08/2013 17:07:53] DEBUG [DocIndexingThred] - indexing: CListaPlanow.java
[13/08/2013 17:07:53] DEBUG [DocIndexingThred] - indexing: CListaPlanu.java
[13/08/2013 17:07:53] DEBUG [DocIndexingThred] - indexing: CPlanyRach.java
[13/08/2013 17:07:53] DEBUG [DocIndexingThred] - indexing: CObrotyKart.java
[13/08/2013 17:07:53] DEBUG [DocIndexingThred] - indexing: CRachLichwa.java
[13/08/2013 17:07:53] DEBUG [DocIndexingThred] - indexing: CSaldaRachDlaKarty.java
[13/08/2013 17:07:53] DEBUG [DocIndexingThred] - indexing: CSprawdzBank.java
[13/08/2013 17:07:53] DEBUG [DocIndexingThred] - indexing: CSzablonyPrzelewow.java
[13/08/2013 17:07:53] DEBUG [DocIndexingThred] - indexing: CSymulacjaSplatyKapital.java
[13/08/2013 17:07:53] DEBUG [DocIndexingThred] - indexing: CSymulacjaSplatyTransakcja.java
[13/08/2013 17:07:53] DEBUG [DocIndexingThred] - indexing: CTypyOdbiorcow.java
[13/08/2013 17:07:53] DEBUG [DocIndexingThred] - indexing: CZdefiniowaneRachunki.java
[13/08/2013 17:07:53] DEBUG [DocIndexingThred] - indexing: CUbezpieczenie.java
[13/08/2013 17:07:53] DEBUG [DocIndexingThred] - indexing: DaneRachunkuSoapBindingImpl.java
[13/08/2013 17:07:53] DEBUG [DocIndexingThred] - indexing: IWSDaneRachunku.java
[13/08/2013 17:07:54] DEBUG [DocIndexingThred] - indexing: IWSDaneRachunkuService.java
[13/08/2013 17:07:54] DEBUG [DocIndexingThred] - indexing: IWSDaneRachunkuServiceLocator.java
[13/08/2013 17:07:54] DEBUG [DocIndexingThred] - indexing: IDaneRach.java
[13/08/2013 17:07:54] DEBUG [DocIndexingThred] - indexing: CBarcodeAPI.java
[13/08/2013 17:07:54] DEBUG [DocIndexingThred] - indexing: CBlokadaLimituAPI.java
[13/08/2013 17:07:54] DEBUG [DocIndexingThred] - indexing: CBlokadaWznowieniaAPI.java
[13/08/2013 17:07:54] DEBUG [DocIndexingThred] - indexing: CNaliczOplateAPI.java
[13/08/2013 17:07:54] DEBUG [DocIndexingThred] - indexing: DaneRachunkuSoapBindingStub.java
[13/08/2013 17:07:54] DEBUG [DocIndexingThred] - indexing: CTypWyciaguAPI.java
[13/08/2013 17:07:54] DEBUG [DocIndexingThred] - indexing: COdstapExtAPI.java
[13/08/2013 17:07:54] DEBUG [DocIndexingThred] - indexing: CZmNrRachHiperAPI.java
[13/08/2013 17:07:54] DEBUG [DocIndexingThred] - indexing: CWypowiedzExtAPI.java
[13/08/2013 17:07:54] DEBUG [DocIndexingThred] - indexing: CLicznikOpoznWSplacieWPrmZaAktyw.java
[13/08/2013 17:07:54] DEBUG [DocIndexingThred] - indexing: CLimitRachunku.java
[13/08/2013 17:07:54] DEBUG [DocIndexingThred] - indexing: CNrRachHipergotowki.java
[13/08/2013 17:07:54] DEBUG [DocIndexingThred] - indexing: CNrRachunkuPrzelewu.java
[13/08/2013 17:07:54] DEBUG [DocIndexingThred] - indexing: COdstapienie.java
[13/08/2013 17:07:54] DEBUG [DocIndexingThred] - indexing: COtwarciePlanu.java
[13/08/2013 17:07:54] DEBUG [DocIndexingThred] - indexing: CRejestrSmierciKlienta.java
[13/08/2013 17:07:54] DEBUG [DocIndexingThred] - indexing: CPowtorneWyslanieWyciagu.java
[13/08/2013 17:07:54] DEBUG [DocIndexingThred] - indexing: CRezygnZPZ.java
[13/08/2013 17:07:54] DEBUG [DocIndexingThred] - indexing: CRezygnZPZxx.java
[13/08/2013 17:07:54] DEBUG [DocIndexingThred] - indexing: CUbezpieczenia.java
[13/08/2013 17:07:54] DEBUG [DocIndexingThred] - indexing: CSplataPlanu.java
[13/08/2013 17:07:54] DEBUG [DocIndexingThred] - indexing: CUstawieniePZ.java
[13/08/2013 17:07:54] DEBUG [DocIndexingThred] - indexing: CWypowiedzenie.java
[13/08/2013 17:07:54] DEBUG [DocIndexingThred] - indexing: CWariantSplatyPZ.java
[13/08/2013 17:07:54] DEBUG [DocIndexingThred] - indexing: CUstawieniePZxx.java
[13/08/2013 17:07:54] DEBUG [DocIndexingThred] - indexing: CWypowiedzenieRachunku.java
[13/08/2013 17:07:54] DEBUG [DocIndexingThred] - indexing: CZmianaFlagiBlokOdblokWyc.java
[13/08/2013 17:07:54] DEBUG [DocIndexingThred] - indexing: CZmBlockCodeRach.java
[13/08/2013 17:07:54] DEBUG [DocIndexingThred] - indexing: IWSZmianaDanychRachunkuService.java
[13/08/2013 17:07:54] DEBUG [DocIndexingThred] - indexing: IWSZmianaDanychRachunkuServiceLocator.java
[13/08/2013 17:07:54] DEBUG [DocIndexingThred] - indexing: IWSZmianaDanychRachunku.java
[13/08/2013 17:07:54] DEBUG [DocIndexingThred] - indexing: CZmianaFlagZgodyBIKLB.java
[13/08/2013 17:07:54] DEBUG [DocIndexingThred] - indexing: ZmianaDanychRachunkuSoapBindingImpl.java
[13/08/2013 17:07:54] DEBUG [DocIndexingThred] - indexing: CDaneSprzed.java
[13/08/2013 17:07:54] DEBUG [DocIndexingThred] - indexing: IStaleDaneRachZm.java
[13/08/2013 17:07:54] DEBUG [DocIndexingThred] - indexing: CListaSprzed.java
[13/08/2013 17:07:54] DEBUG [DocIndexingThred] - indexing: ZmianaDanychRachunkuSoapBindingStub.java
[13/08/2013 17:07:54] DEBUG [DocIndexingThred] - indexing: CAdrKorespKlientaZm.java
[13/08/2013 17:07:54] DEBUG [DocIndexingThred] - indexing: CDaneKlientaKoaZm.java
[13/08/2013 17:07:54] DEBUG [DocIndexingThred] - indexing: CDaneTeleadrKlientaZm.java
[13/08/2013 17:07:54] DEBUG [DocIndexingThred] - indexing: CDodajKlienta.java
[13/08/2013 17:07:54] DEBUG [DocIndexingThred] - indexing: CZmienCIFLB.java
[13/08/2013 17:07:54] DEBUG [DocIndexingThred] - indexing: CEmailKlientaZm.java
[13/08/2013 17:07:54] DEBUG [DocIndexingThred] - indexing: CTelKlientaZm.java
[13/08/2013 17:07:54] DEBUG [DocIndexingThred] - indexing: IWSZmienDaneKlienta_PortType.java
[13/08/2013 17:07:54] DEBUG [DocIndexingThred] - indexing: IWSZmienDaneKlienta_ServiceLocator.java
[13/08/2013 17:07:54] DEBUG [DocIndexingThred] - indexing: ZmienDaneKlientaSoapBindingImpl.java
[13/08/2013 17:07:54] DEBUG [DocIndexingThred] - indexing: IWSZmienDaneKlienta_Service.java
[13/08/2013 17:07:54] DEBUG [DocIndexingThred] - indexing: CDaneWyciagu.java
[13/08/2013 17:07:54] DEBUG [DocIndexingThred] - indexing: CFormatWyciagu.java
[13/08/2013 17:07:54] DEBUG [DocIndexingThred] - indexing: ZmienDaneKlientaSoapBindingStub.java
[13/08/2013 17:07:54] DEBUG [DocIndexingThred] - indexing: CEkranARMB.java
[13/08/2013 17:07:54] DEBUG [DocIndexingThred] - indexing: IEkranARQB.java
[13/08/2013 17:07:54] DEBUG [DocIndexingThred] - indexing: CEkranARQB.java
[13/08/2013 17:07:54] DEBUG [DocIndexingThred] - indexing: CEkranARME.java
[13/08/2013 17:07:54] DEBUG [DocIndexingThred] - indexing: CEkranARQE.java
[13/08/2013 17:07:54] DEBUG [DocIndexingThred] - indexing: IEkranARQE.java
[13/08/2013 17:07:54] DEBUG [DocIndexingThred] - indexing: CEkranARMN.java
[13/08/2013 17:07:54] DEBUG [DocIndexingThred] - indexing: CEkranARQN.java
[13/08/2013 17:07:54] DEBUG [DocIndexingThred] - indexing: IEkranARQN.java
[13/08/2013 17:07:54] DEBUG [DocIndexingThred] - indexing: CIdentyfikacja.java
[13/08/2013 17:07:54] DEBUG [DocIndexingThred] - indexing: CIdentDaneVPIAPI.java
[13/08/2013 17:07:54] DEBUG [DocIndexingThred] - indexing: CEkranASMW.java
[13/08/2013 17:07:54] DEBUG [DocIndexingThred] - indexing: IdentyfikacjaSoapBindingImpl.java
[13/08/2013 17:07:54] DEBUG [DocIndexingThred] - indexing: IWSIdentyfikacjaService.java
[13/08/2013 17:07:54] DEBUG [DocIndexingThred] - indexing: IWSIdentyfikacja.java
[13/08/2013 17:07:54] DEBUG [DocIndexingThred] - indexing: IWSIdentyfikacjaServiceLocator.java
[13/08/2013 17:07:54] DEBUG [DocIndexingThred] - indexing: IdentyfikacjaSoapBindingStub.java
[13/08/2013 17:07:54] DEBUG [DocIndexingThred] - indexing: InfoSoapBindingImpl.java
[13/08/2013 17:07:54] DEBUG [DocIndexingThred] - indexing: IIdWywolan.java
[13/08/2013 17:07:54] DEBUG [DocIndexingThred] - indexing: InfoSoapBindingStub.java
[13/08/2013 17:07:54] DEBUG [DocIndexingThred] - indexing: IWSInfo.java
[13/08/2013 17:07:54] DEBUG [DocIndexingThred] - indexing: IWSInfoService.java
[13/08/2013 17:07:54] DEBUG [DocIndexingThred] - indexing: IWSInfoServiceLocator.java
[13/08/2013 17:07:54] DEBUG [DocIndexingThred] - indexing: Info.java
[13/08/2013 17:07:54] DEBUG [DocIndexingThred] - indexing: ITagiWywolania.java
[13/08/2013 17:07:54] DEBUG [DocIndexingThred] - indexing: IServicesObsluga.java
[13/08/2013 17:07:54] DEBUG [DocIndexingThred] - indexing: CKlientWgPesel.java
[13/08/2013 17:07:54] DEBUG [DocIndexingThred] - indexing: CCacheKluczy.java
[13/08/2013 17:07:54] DEBUG [DocIndexingThred] - indexing: CGeneratorKluczy.java
[13/08/2013 17:07:54] DEBUG [DocIndexingThred] - indexing: CGenerKluczy.java
[13/08/2013 17:07:54] DEBUG [DocIndexingThred] - indexing: IVPApiOdp.java
[13/08/2013 17:07:54] DEBUG [DocIndexingThred] - indexing: CTabelaKluczy.java
[13/08/2013 17:07:54] DEBUG [DocIndexingThred] - indexing: CKontaktyZKlientemAPI.java
[13/08/2013 17:07:54] DEBUG [DocIndexingThred] - indexing: IWSKontaktyKlienta.java
[13/08/2013 17:07:54] DEBUG [DocIndexingThred] - indexing: CKontaktyZKlientem.java
[13/08/2013 17:07:54] DEBUG [DocIndexingThred] - indexing: IWSKontaktyKlientaService.java
[13/08/2013 17:07:54] DEBUG [DocIndexingThred] - indexing: CListaKontaktow.java
[13/08/2013 17:07:54] DEBUG [DocIndexingThred] - indexing: KontaktyKlientaSoapBindingImpl.java
[13/08/2013 17:07:54] DEBUG [DocIndexingThred] - indexing: IWSKontaktyKlientaServiceLocator.java
[13/08/2013 17:07:54] DEBUG [DocIndexingThred] - indexing: KontaktyKlientaSoapBindingStub.java
[13/08/2013 17:07:54] DEBUG [DocIndexingThred] - indexing: CKursyWalutAPI.java
[13/08/2013 17:07:54] DEBUG [DocIndexingThred] - indexing: CRejestrOdblPIN.java
[13/08/2013 17:07:54] DEBUG [DocIndexingThred] - indexing: IWSKursyWalutServiceLocator.java
[13/08/2013 17:07:54] DEBUG [DocIndexingThred] - indexing: IWSKursyWalutService.java
[13/08/2013 17:07:54] DEBUG [DocIndexingThred] - indexing: IWSKursyWalut.java
[13/08/2013 17:07:54] DEBUG [DocIndexingThred] - indexing: IWSLogowanie.java
[13/08/2013 17:07:54] DEBUG [DocIndexingThred] - indexing: KursyWalutSoapBindingStub.java
[13/08/2013 17:07:54] DEBUG [DocIndexingThred] - indexing: KursyWalutSoapBindingImpl.java
[13/08/2013 17:07:54] DEBUG [DocIndexingThred] - indexing: IWSLogowanieService.java
[13/08/2013 17:07:54] DEBUG [DocIndexingThred] - indexing: CLogowanie.java
[13/08/2013 17:07:54] DEBUG [DocIndexingThred] - indexing: IWSLogowanieServiceLocator.java
[13/08/2013 17:07:54] DEBUG [DocIndexingThred] - indexing: LogowanieSoapBindingImpl.java
[13/08/2013 17:07:54] DEBUG [DocIndexingThred] - indexing: LogowanieSoapBindingStub.java
[13/08/2013 17:07:54] DEBUG [DocIndexingThred] - indexing: COperRachAPI.java
[13/08/2013 17:07:54] DEBUG [DocIndexingThred] - indexing: CKomunikatyOdmowyIOdwolaniaPZ.java
[13/08/2013 17:07:54] DEBUG [DocIndexingThred] - indexing: SAXAuthTransEventHandler.java
[13/08/2013 17:07:54] DEBUG [DocIndexingThred] - indexing: CAutoryzacjaPrzelewu.java
[13/08/2013 17:07:54] DEBUG [DocIndexingThred] - indexing: CHistoriaPrzelewow.java
[13/08/2013 17:07:54] DEBUG [DocIndexingThred] - indexing: CListaAutoryzacjiP.java
[13/08/2013 17:07:54] DEBUG [DocIndexingThred] - indexing: CListaAutoryzacji.java
[13/08/2013 17:07:54] DEBUG [DocIndexingThred] - indexing: CHistoriaOperacji.java
[13/08/2013 17:07:54] DEBUG [DocIndexingThred] - indexing: CListaTrans.java
[13/08/2013 17:07:54] DEBUG [DocIndexingThred] - indexing: CListaTransakcji.java
[13/08/2013 17:07:54] DEBUG [DocIndexingThred] - indexing: IWSOperacjeRachunkuService.java
[13/08/2013 17:07:54] DEBUG [DocIndexingThred] - indexing: IWSOperacjeRachunku.java
[13/08/2013 17:07:54] DEBUG [DocIndexingThred] - indexing: IWSOperacjeRachunkuServiceLocator.java
[13/08/2013 17:07:54] DEBUG [DocIndexingThred] - indexing: OperacjeRachunkuSoapBindingImpl.java
[13/08/2013 17:07:54] DEBUG [DocIndexingThred] - indexing: COperRach.java
[13/08/2013 17:07:54] DEBUG [DocIndexingThred] - indexing: OperacjeRachunkuSoapBindingStub.java
[13/08/2013 17:07:54] DEBUG [DocIndexingThred] - indexing: IWSAuth.java
[13/08/2013 17:07:54] DEBUG [DocIndexingThred] - indexing: AuthSoapBindingImpl.java
[13/08/2013 17:07:54] DEBUG [DocIndexingThred] - indexing: PlatnosciZKarty.java
[13/08/2013 17:07:54] DEBUG [DocIndexingThred] - indexing: IWSAuthService.java
[13/08/2013 17:07:54] DEBUG [DocIndexingThred] - indexing: WynikAPI.java
[13/08/2013 17:07:54] DEBUG [DocIndexingThred] - indexing: IWSAuthServiceLocator.java
[13/08/2013 17:07:54] DEBUG [DocIndexingThred] - indexing: AuthSoapBindingStub.java
[13/08/2013 17:07:54] DEBUG [DocIndexingThred] - indexing: CDaneRachWgNrRach.java
[13/08/2013 17:07:54] DEBUG [DocIndexingThred] - indexing: SAXMrchListEventHandler.java
[13/08/2013 17:07:54] DEBUG [DocIndexingThred] - indexing: CListaRach.java
[13/08/2013 17:07:54] DEBUG [DocIndexingThred] - indexing: IWSPotwierdzeniaService.java
[13/08/2013 17:07:54] DEBUG [DocIndexingThred] - indexing: CPotwierdzenieSepa.java
[13/08/2013 17:07:54] DEBUG [DocIndexingThred] - indexing: IWSPotwierdzenia.java
[13/08/2013 17:07:54] DEBUG [DocIndexingThred] - indexing: PotwierdzeniaSoapBindingImpl.java
[13/08/2013 17:07:54] DEBUG [DocIndexingThred] - indexing: CPotwierdzenie.java
[13/08/2013 17:07:54] DEBUG [DocIndexingThred] - indexing: IWSPotwierdzeniaServiceLocator.java
[13/08/2013 17:07:54] DEBUG [DocIndexingThred] - indexing: IWykonawcaSerwisu.java
[13/08/2013 17:07:54] DEBUG [DocIndexingThred] - indexing: CProxy.java
[13/08/2013 17:07:54] DEBUG [DocIndexingThred] - indexing: CKomunikatyOdmIOdw.java
[13/08/2013 17:07:54] DEBUG [DocIndexingThred] - indexing: CIdentyfikatoryPrzekazanychPZ.java
[13/08/2013 17:07:54] DEBUG [DocIndexingThred] - indexing: PotwierdzeniaSoapBindingStub.java
[13/08/2013 17:07:54] DEBUG [DocIndexingThred] - indexing: IWSRaporty.java
[13/08/2013 17:07:54] DEBUG [DocIndexingThred] - indexing: IWSRaportyService.java
[13/08/2013 17:07:54] DEBUG [DocIndexingThred] - indexing: IWSRaportyServiceLocator.java
[13/08/2013 17:07:54] DEBUG [DocIndexingThred] - indexing: RaportySoapBindingImpl.java
[13/08/2013 17:07:54] DEBUG [DocIndexingThred] - indexing: CCacheVPlus.java
[13/08/2013 17:07:54] DEBUG [DocIndexingThred] - indexing: RaportySoapBindingStub.java
[13/08/2013 17:07:54] DEBUG [DocIndexingThred] - indexing: CPowodZastrzKarty.java
[13/08/2013 17:07:54] DEBUG [DocIndexingThred] - indexing: CRodzTelKlientaRach.java
[13/08/2013 17:07:54] DEBUG [DocIndexingThred] - indexing: CRodzKarty.java
[13/08/2013 17:07:54] DEBUG [DocIndexingThred] - indexing: CRolaKlientaRach.java
[13/08/2013 17:07:54] DEBUG [DocIndexingThred] - indexing: CSlownikVPlus.java
[13/08/2013 17:07:55] DEBUG [DocIndexingThred] - indexing: CTypKarty.java
[13/08/2013 17:07:55] DEBUG [DocIndexingThred] - indexing: CTest1Param.java
[13/08/2013 17:07:55] DEBUG [DocIndexingThred] - indexing: CTest.java
[13/08/2013 17:07:55] DEBUG [DocIndexingThred] - indexing: CSystemInfo.java
[13/08/2013 17:07:55] DEBUG [DocIndexingThred] - indexing: CWypow.java
[13/08/2013 17:07:55] DEBUG [DocIndexingThred] - indexing: CTest2Param.java
[13/08/2013 17:07:55] DEBUG [DocIndexingThred] - indexing: ITest.java
[13/08/2013 17:07:55] DEBUG [DocIndexingThred] - indexing: CTestASM.java
[13/08/2013 17:07:55] DEBUG [DocIndexingThred] - indexing: CWypowData.java
[13/08/2013 17:07:55] DEBUG [DocIndexingThred] - indexing: CDataJulianska.java
[13/08/2013 17:07:55] DEBUG [DocIndexingThred] - indexing: CKodSlownika.java
[13/08/2013 17:07:55] DEBUG [DocIndexingThred] - indexing: CBlockCode.java
[13/08/2013 17:07:55] DEBUG [DocIndexingThred] - indexing: CLogo.java
[13/08/2013 17:07:55] DEBUG [DocIndexingThred] - indexing: CKwotaGrosze100.java
[13/08/2013 17:07:55] DEBUG [DocIndexingThred] - indexing: CNrBanku.java
[13/08/2013 17:07:55] DEBUG [DocIndexingThred] - indexing: CKwotaZlote.java
[13/08/2013 17:07:55] DEBUG [DocIndexingThred] - indexing: CNrRach.java
[13/08/2013 17:07:55] DEBUG [DocIndexingThred] - indexing: CNrKlienta.java
[13/08/2013 17:07:55] DEBUG [DocIndexingThred] - indexing: CNrKarty.java
[13/08/2013 17:07:55] DEBUG [DocIndexingThred] - indexing: CNrDO.java
[13/08/2013 17:07:55] DEBUG [DocIndexingThred] - indexing: CNrTel.java
[13/08/2013 17:07:55] DEBUG [DocIndexingThred] - indexing: COrg.java
[13/08/2013 17:07:55] DEBUG [DocIndexingThred] - indexing: CNrSklepu.java
[13/08/2013 17:07:55] DEBUG [DocIndexingThred] - indexing: COperNaKarcie.java
[13/08/2013 17:07:55] DEBUG [DocIndexingThred] - indexing: CCzas.java
[13/08/2013 17:07:55] DEBUG [DocIndexingThred] - indexing: CPesel.java
[13/08/2013 17:07:55] DEBUG [DocIndexingThred] - indexing: CPelnyNrRach.java
[13/08/2013 17:07:55] DEBUG [DocIndexingThred] - indexing: CProcent.java
[13/08/2013 17:07:55] DEBUG [DocIndexingThred] - indexing: CKwota.java
[13/08/2013 17:07:55] DEBUG [DocIndexingThred] - indexing: CData.java
[13/08/2013 17:07:55] DEBUG [DocIndexingThred] - indexing: CLiczba.java
[13/08/2013 17:07:55] DEBUG [DocIndexingThred] - indexing: COperacjeWyciag.java
[13/08/2013 17:07:55] DEBUG [DocIndexingThred] - indexing: CString.java
[13/08/2013 17:07:55] DEBUG [DocIndexingThred] - indexing: COperacjaWyciag.java
[13/08/2013 17:07:55] DEBUG [DocIndexingThred] - indexing: CLista.java
[13/08/2013 17:07:55] DEBUG [DocIndexingThred] - indexing: CTypVPlus.java
[13/08/2013 17:07:55] DEBUG [DocIndexingThred] - indexing: CStringLiczbowy.java
[13/08/2013 17:07:55] DEBUG [DocIndexingThred] - indexing: CKonwerterTypow.java
[13/08/2013 17:07:55] DEBUG [DocIndexingThred] - indexing: CAdresT.java
[13/08/2013 17:07:55] DEBUG [DocIndexingThred] - indexing: CDaneKartyT.java
[13/08/2013 17:07:55] DEBUG [DocIndexingThred] - indexing: CDaneKlientaT.java
[13/08/2013 17:07:55] DEBUG [DocIndexingThred] - indexing: CDaneKartyTA.java
[13/08/2013 17:07:55] DEBUG [DocIndexingThred] - indexing: CRekordWyszukKT.java
[13/08/2013 17:07:55] DEBUG [DocIndexingThred] - indexing: CRekordWyszukKTA.java
[13/08/2013 17:07:55] DEBUG [DocIndexingThred] - indexing: CDaneRachunkuT.java
[13/08/2013 17:07:55] DEBUG [DocIndexingThred] - indexing: CRekordWyszukPTA.java
[13/08/2013 17:07:55] DEBUG [DocIndexingThred] - indexing: CRekordWyszukT.java
[13/08/2013 17:07:55] DEBUG [DocIndexingThred] - indexing: CRekordWyszukPT.java
[13/08/2013 17:07:55] DEBUG [DocIndexingThred] - indexing: IBledyTypow.java
[13/08/2013 17:07:55] DEBUG [DocIndexingThred] - indexing: ITyp.java
[13/08/2013 17:07:55] DEBUG [DocIndexingThred] - indexing: CKodPoczt.java
[13/08/2013 17:07:55] DEBUG [DocIndexingThred] - indexing: ITypVPlus.java
[13/08/2013 17:07:55] DEBUG [DocIndexingThred] - indexing: CImieWy.java
[13/08/2013 17:07:55] DEBUG [DocIndexingThred] - indexing: CDataJulianskaCzas.java
[13/08/2013 17:07:55] DEBUG [DocIndexingThred] - indexing: CNazwWy.java
[13/08/2013 17:07:55] DEBUG [DocIndexingThred] - indexing: CNazwImie46We.java
[13/08/2013 17:07:55] DEBUG [DocIndexingThred] - indexing: CListaRachPelnomoc.java
[13/08/2013 17:07:55] DEBUG [DocIndexingThred] - indexing: CListaRachKlientow.java
[13/08/2013 17:07:55] DEBUG [DocIndexingThred] - indexing: COpisBlockCodeKartyWy.java
[13/08/2013 17:07:55] DEBUG [DocIndexingThred] - indexing: CNrRachVPlus.java
[13/08/2013 17:07:55] DEBUG [DocIndexingThred] - indexing: COpisBlockCodeWy.java
[13/08/2013 17:07:55] DEBUG [DocIndexingThred] - indexing: COpisLogoWy.java
[13/08/2013 17:07:55] DEBUG [DocIndexingThred] - indexing: COpisOrgWy.java
[13/08/2013 17:07:55] DEBUG [DocIndexingThred] - indexing: COpisOrgSprzedWy.java
[13/08/2013 17:07:55] DEBUG [DocIndexingThred] - indexing: COpisRodzKartyWy.java
[13/08/2013 17:07:55] DEBUG [DocIndexingThred] - indexing: COpisPlanuWy.java
[13/08/2013 17:07:55] DEBUG [DocIndexingThred] - indexing: COpisRoliKlientaRach.java
[13/08/2013 17:07:55] DEBUG [DocIndexingThred] - indexing: COpisSprzedWy.java
[13/08/2013 17:07:55] DEBUG [DocIndexingThred] - indexing: COpisStatPlastikuWy.java
[13/08/2013 17:07:55] DEBUG [DocIndexingThred] - indexing: COpisStatKartyWy.java
[13/08/2013 17:07:55] DEBUG [DocIndexingThred] - indexing: COpisStatZbiorczyRachWy.java
[13/08/2013 17:07:55] DEBUG [DocIndexingThred] - indexing: COpisStatZbiorczyKartyWy.java
[13/08/2013 17:07:55] DEBUG [DocIndexingThred] - indexing: COpisTypOprocWy.java
[13/08/2013 17:07:55] DEBUG [DocIndexingThred] - indexing: COpisTypKartyWy.java
[13/08/2013 17:07:55] DEBUG [DocIndexingThred] - indexing: COpisTypPlanuWy.java
[13/08/2013 17:07:55] DEBUG [DocIndexingThred] - indexing: COpisTypSplatyWy.java
[13/08/2013 17:07:55] DEBUG [DocIndexingThred] - indexing: COpisWznKartyWy.java
[13/08/2013 17:07:55] DEBUG [DocIndexingThred] - indexing: CPrzejscieNaMaxima.java
[13/08/2013 17:07:55] DEBUG [DocIndexingThred] - indexing: IWSUbezpService.java
[13/08/2013 17:07:55] DEBUG [DocIndexingThred] - indexing: IWSUbezpServiceLocator.java
[13/08/2013 17:07:55] DEBUG [DocIndexingThred] - indexing: CUbezpAPI.java
[13/08/2013 17:07:55] DEBUG [DocIndexingThred] - indexing: IWSUbezp.java
[13/08/2013 17:07:55] DEBUG [DocIndexingThred] - indexing: UbezpSoapBindingImpl.java
[13/08/2013 17:07:55] DEBUG [DocIndexingThred] - indexing: UbezpSoapBindingStub.java
[13/08/2013 17:07:55] DEBUG [DocIndexingThred] - indexing: CVoucher.java
[13/08/2013 17:07:55] DEBUG [DocIndexingThred] - indexing: CVoucherSoapBindingImpl.java
[13/08/2013 17:07:55] DEBUG [DocIndexingThred] - indexing: IVoucher.java
[13/08/2013 17:07:55] DEBUG [DocIndexingThred] - indexing: CVoucherSoapBindingStub.java
[13/08/2013 17:07:55] DEBUG [DocIndexingThred] - indexing: IVoucherService.java
[13/08/2013 17:07:55] DEBUG [DocIndexingThred] - indexing: IVoucherServiceLocator.java
[13/08/2013 17:07:55] DEBUG [DocIndexingThred] - indexing: CAACD.java
[13/08/2013 17:07:55] DEBUG [DocIndexingThred] - indexing: CAACR.java
[13/08/2013 17:07:55] DEBUG [DocIndexingThred] - indexing: CAACT.java
[13/08/2013 17:07:55] DEBUG [DocIndexingThred] - indexing: CAcct.java
[13/08/2013 17:07:55] DEBUG [DocIndexingThred] - indexing: CGetDataAcceptBicontract.java
[13/08/2013 17:07:55] DEBUG [DocIndexingThred] - indexing: ArrayOfCCardData.java
[13/08/2013 17:07:55] DEBUG [DocIndexingThred] - indexing: ArrayOfCClientData.java
[13/08/2013 17:07:55] DEBUG [DocIndexingThred] - indexing: CClientData.java
[13/08/2013 17:07:55] DEBUG [DocIndexingThred] - indexing: CBicontractAcceptDataPostT.java
[13/08/2013 17:07:55] DEBUG [DocIndexingThred] - indexing: CCardData.java
[13/08/2013 17:07:55] DEBUG [DocIndexingThred] - indexing: CCustNbr.java
[13/08/2013 17:07:55] DEBUG [DocIndexingThred] - indexing: CFirstTranCheckData.java
[13/08/2013 17:07:55] DEBUG [DocIndexingThred] - indexing: CCustNbrArray.java
[13/08/2013 17:07:55] DEBUG [DocIndexingThred] - indexing: CAcctData.java
[13/08/2013 17:07:55] DEBUG [DocIndexingThred] - indexing: CPostilionData.java
[13/08/2013 17:07:55] DEBUG [DocIndexingThred] - indexing: IWSVPAcctService.java
[13/08/2013 17:07:55] DEBUG [DocIndexingThred] - indexing: CIntArray.java
[13/08/2013 17:07:55] DEBUG [DocIndexingThred] - indexing: IWSVPAcct.java
[13/08/2013 17:07:55] DEBUG [DocIndexingThred] - indexing: IWSVPAcctServiceLocator.java
[13/08/2013 17:07:55] DEBUG [DocIndexingThred] - indexing: VPAcctSoapBindingImpl.java
[13/08/2013 17:07:55] DEBUG [DocIndexingThred] - indexing: IWSVPApr.java
[13/08/2013 17:07:55] DEBUG [DocIndexingThred] - indexing: IWSVPAprService.java
[13/08/2013 17:07:55] DEBUG [DocIndexingThred] - indexing: VPAcctSoapBindingStub.java
[13/08/2013 17:07:55] DEBUG [DocIndexingThred] - indexing: IWSVPAprServiceLocator.java
[13/08/2013 17:07:55] DEBUG [DocIndexingThred] - indexing: CPobranieKosztowKredytu.java
[13/08/2013 17:07:55] DEBUG [DocIndexingThred] - indexing: VPAprSoapBindingImpl.java
[13/08/2013 17:07:55] DEBUG [DocIndexingThred] - indexing: CContractAMBS.java
[13/08/2013 17:07:55] DEBUG [DocIndexingThred] - indexing: VPAprSoapBindingStub.java
[13/08/2013 17:07:55] DEBUG [DocIndexingThred] - indexing: CContractValid.java
[13/08/2013 17:07:55] DEBUG [DocIndexingThred] - indexing: CVoucher.java
[13/08/2013 17:07:55] DEBUG [DocIndexingThred] - indexing: CInsurance.java
[13/08/2013 17:07:55] DEBUG [DocIndexingThred] - indexing: CVpContractTech.java
[13/08/2013 17:07:55] DEBUG [DocIndexingThred] - indexing: CCardData.java
[13/08/2013 17:07:55] DEBUG [DocIndexingThred] - indexing: CContract.java
[13/08/2013 17:07:55] DEBUG [DocIndexingThred] - indexing: CVpContractCreate.java
[13/08/2013 17:07:55] DEBUG [DocIndexingThred] - indexing: CContractData.java
[13/08/2013 17:07:55] DEBUG [DocIndexingThred] - indexing: CContract.java
[13/08/2013 17:07:55] DEBUG [DocIndexingThred] - indexing: IWSVpContract.java
[13/08/2013 17:07:55] DEBUG [DocIndexingThred] - indexing: IWSVpContractServiceLocator.java
[13/08/2013 17:07:55] DEBUG [DocIndexingThred] - indexing: IVpContract.java
[13/08/2013 17:07:55] DEBUG [DocIndexingThred] - indexing: IWSVpContractService.java
[13/08/2013 17:07:55] DEBUG [DocIndexingThred] - indexing: ContractTest.java
[13/08/2013 17:07:55] DEBUG [DocIndexingThred] - indexing: VPAPI_VPICRSREFA.java
[13/08/2013 17:07:55] DEBUG [DocIndexingThred] - indexing: VPAPI_VPITRNACC.java
[13/08/2013 17:07:55] DEBUG [DocIndexingThred] - indexing: VpContractSoapBindingImpl.java
[13/08/2013 17:07:55] DEBUG [DocIndexingThred] - indexing: CWycXML.java
[13/08/2013 17:07:55] DEBUG [DocIndexingThred] - indexing: IWSWyciagi.java
[13/08/2013 17:07:55] DEBUG [DocIndexingThred] - indexing: IWSWyciagiService.java
[13/08/2013 17:07:55] DEBUG [DocIndexingThred] - indexing: WyciagiSoapBindingImpl.java
[13/08/2013 17:07:55] DEBUG [DocIndexingThred] - indexing: IWSWyciagiServiceLocator.java
[13/08/2013 17:07:55] DEBUG [DocIndexingThred] - indexing: VpContractSoapBindingStub.java
[13/08/2013 17:07:55] DEBUG [DocIndexingThred] - indexing: WyciagiSoapBindingStub.java
[13/08/2013 17:07:55] DEBUG [DocIndexingThred] - indexing: CWyciagiRach.java
[13/08/2013 17:07:55] DEBUG [DocIndexingThred] - indexing: CListaWyciagow.java
[13/08/2013 17:07:55] DEBUG [DocIndexingThred] - indexing: IWSWydruki.java
[13/08/2013 17:07:55] DEBUG [DocIndexingThred] - indexing: CWydruk.java
[13/08/2013 17:07:55] DEBUG [DocIndexingThred] - indexing: IWSWydrukiService.java
[13/08/2013 17:07:55] DEBUG [DocIndexingThred] - indexing: WydrukiSoapBindingImpl.java
[13/08/2013 17:07:55] DEBUG [DocIndexingThred] - indexing: IWSWydrukiServiceLocator.java
[13/08/2013 17:07:55] DEBUG [DocIndexingThred] - indexing: CObslugaNadplatAPI.java
[13/08/2013 17:07:55] DEBUG [DocIndexingThred] - indexing: WydrukiSoapBindingStub.java
[13/08/2013 17:07:55] DEBUG [DocIndexingThred] - indexing: CPobierzNadplatyAPI.java
[13/08/2013 17:07:55] DEBUG [DocIndexingThred] - indexing: CWyksiegowaniaNadplat.java
[13/08/2013 17:07:55] DEBUG [DocIndexingThred] - indexing: IWSWyksiegowanieNadplat.java
[13/08/2013 17:07:55] DEBUG [DocIndexingThred] - indexing: IWSWyksiegowanieNadplatService.java
[13/08/2013 17:07:56] DEBUG [DocIndexingThred] - indexing: IWSWyksiegowanieNadplatServiceLocator.java
[13/08/2013 17:07:56] DEBUG [DocIndexingThred] - indexing: WyksiegowanieNadplatSoapBindingImpl.java
[13/08/2013 17:07:56] DEBUG [DocIndexingThred] - indexing: CWyszukRachPeselVPAPI.java
[13/08/2013 17:07:56] DEBUG [DocIndexingThred] - indexing: CWyszukRachVPAPI.java
[13/08/2013 17:07:56] DEBUG [DocIndexingThred] - indexing: WyksiegowanieNadplatSoapBindingStub.java
[13/08/2013 17:07:56] DEBUG [DocIndexingThred] - indexing: IWSWyszukRach.java
[13/08/2013 17:07:56] DEBUG [DocIndexingThred] - indexing: IWSWyszukRachService.java
[13/08/2013 17:07:56] DEBUG [DocIndexingThred] - indexing: IWSZmianaDanychToip_PortType.java
[13/08/2013 17:07:56] DEBUG [DocIndexingThred] - indexing: IWSWyszukRachServiceLocator.java
[13/08/2013 17:07:56] DEBUG [DocIndexingThred] - indexing: WyszukRachSoapBindingImpl.java
[13/08/2013 17:07:56] DEBUG [DocIndexingThred] - indexing: WyszukRachSoapBindingStub.java
[13/08/2013 17:07:56] DEBUG [DocIndexingThred] - indexing: IWSZmianaDanychToip_Service.java
[13/08/2013 17:07:56] DEBUG [DocIndexingThred] - indexing: IWSZmianaDanychToip_ServiceLocator.java
[13/08/2013 17:07:56] DEBUG [DocIndexingThred] - indexing: ZmianaDanychToipSoapBindingImpl.java
[13/08/2013 17:07:56] DEBUG [DocIndexingThred] - indexing: ZmianaDanychToipSoapBindingStub.java
[13/08/2013 17:07:56] DEBUG [DocIndexingThred] - indexing: COprocentowanieKartZm.java
[13/08/2013 17:07:56] DEBUG [DocIndexingThred] - indexing: IWSZmianaOproc.java
[13/08/2013 17:07:56] DEBUG [DocIndexingThred] - indexing: IWSZmianaOprocServiceLocator.java
[13/08/2013 17:07:56] DEBUG [DocIndexingThred] - indexing: IWSZmianaOprocService.java
[13/08/2013 17:07:56] DEBUG [DocIndexingThred] - indexing: ArrayOfAuthResponseOut.java
[13/08/2013 17:07:56] DEBUG [DocIndexingThred] - indexing: ZmianaOprocSoapBindingStub.java
[13/08/2013 17:07:56] DEBUG [DocIndexingThred] - indexing: ZmianaOprocSoapBindingImpl.java
[13/08/2013 17:07:56] DEBUG [DocIndexingThred] - indexing: ArrayOfAuthTypes.java
[13/08/2013 17:07:56] DEBUG [DocIndexingThred] - indexing: IWSAuthProxyService.java
[13/08/2013 17:07:56] DEBUG [DocIndexingThred] - indexing: IWSAuthProxy.java
[13/08/2013 17:07:56] DEBUG [DocIndexingThred] - indexing: AuthResponseOut.java
[13/08/2013 17:07:56] DEBUG [DocIndexingThred] - indexing: IWSAuthProxyServiceLocator.java
[13/08/2013 17:07:56] DEBUG [DocIndexingThred] - indexing: CInitServlet.java
[13/08/2013 17:07:56] DEBUG [DocIndexingThred] - indexing: CApiVPIAPIA010.java
[13/08/2013 17:07:56] DEBUG [DocIndexingThred] - indexing: CApiVPIAPIA051.java
[13/08/2013 17:07:56] DEBUG [DocIndexingThred] - indexing: VPSAuthProxySoapBindingStub.java
[13/08/2013 17:07:56] DEBUG [DocIndexingThred] - indexing: CApiVPIAPIA053.java
[13/08/2013 17:07:56] DEBUG [DocIndexingThred] - indexing: CApiVPIAPIA052.java
[13/08/2013 17:07:56] DEBUG [DocIndexingThred] - indexing: CApiVPIAPII002.java
[13/08/2013 17:07:56] DEBUG [DocIndexingThred] - indexing: CApiVPIAPR002.java
[13/08/2013 17:07:56] DEBUG [DocIndexingThred] - indexing: CApiVPIAPII003.java
[13/08/2013 17:07:56] DEBUG [DocIndexingThred] - indexing: CApiVPIAPR0100.java
[13/08/2013 17:07:56] DEBUG [DocIndexingThred] - indexing: CApiVPIAPITOIP.java
[13/08/2013 17:07:56] DEBUG [DocIndexingThred] - indexing: CApiVPIAPRST01.java
[13/08/2013 17:07:56] DEBUG [DocIndexingThred] - indexing: CApiVPIENDAUTH.java
[13/08/2013 17:07:56] DEBUG [DocIndexingThred] - indexing: CObslugaWyjatkowWS.java
[13/08/2013 17:07:56] DEBUG [DocIndexingThred] - indexing: WynikAPI.java
[13/08/2013 17:07:56] DEBUG [DocIndexingThred] - indexing: CApiVPSWYPEEXT.java
[13/08/2013 17:07:56] DEBUG [DocIndexingThred] - indexing: CWyjatekAS400.java
[13/08/2013 17:07:56] DEBUG [DocIndexingThred] - indexing: CWyjatekTypu.java
[13/08/2013 17:07:56] DEBUG [DocIndexingThred] - indexing: CWyjatekWebServicea.java
[13/08/2013 17:07:56] DEBUG [DocIndexingThred] - indexing: CWyjatekWS.java
[13/08/2013 17:07:56] DEBUG [DocIndexingThred] - indexing: wyjatki.xsd
[13/08/2013 17:07:56] DEBUG [DocIndexingThred] - indexing: IBledyPodst.java
[13/08/2013 17:07:56] DEBUG [DocIndexingThred] - indexing: CAuthToken.java
[13/08/2013 17:07:56] DEBUG [DocIndexingThred] - indexing: CAuthorizationServlet.java
[13/08/2013 17:07:56] DEBUG [DocIndexingThred] - indexing: CAutManager.java
[13/08/2013 17:07:56] DEBUG [DocIndexingThred] - indexing: CAutoryzacje.java
[13/08/2013 17:07:56] DEBUG [DocIndexingThred] - indexing: CAutoryzacjeWS.java
[13/08/2013 17:07:56] DEBUG [DocIndexingThred] - indexing: CKomendaAuthList.java
[13/08/2013 17:07:56] DEBUG [DocIndexingThred] - indexing: CKomendaMerchant.java
[13/08/2013 17:07:56] DEBUG [DocIndexingThred] - indexing: CKomendaPreReversal.java
[13/08/2013 17:07:56] DEBUG [DocIndexingThred] - indexing: CKomendaAutTran.java
[13/08/2013 17:07:56] DEBUG [DocIndexingThred] - indexing: CKomendaReversal.java
[13/08/2013 17:07:56] DEBUG [DocIndexingThred] - indexing: CAuthWsCancelConfirm.java
[13/08/2013 17:07:56] DEBUG [DocIndexingThred] - indexing: CKomendaVoiceAutTran.java
[13/08/2013 17:07:56] DEBUG [DocIndexingThred] - indexing: CAuthWsCancel.java
[13/08/2013 17:07:56] DEBUG [DocIndexingThred] - indexing: CAuthWsReturnRegister.java
[13/08/2013 17:07:56] DEBUG [DocIndexingThred] - indexing: CAuthWsReturnConfirm.java
[13/08/2013 17:07:56] DEBUG [DocIndexingThred] - indexing: CAuthWsTranRegister.java
[13/08/2013 17:07:56] DEBUG [DocIndexingThred] - indexing: CAuthWsTranConfirm.java
[13/08/2013 17:07:56] DEBUG [DocIndexingThred] - indexing: CKomendaAuthWsCancel.java
[13/08/2013 17:07:56] DEBUG [DocIndexingThred] - indexing: CKomendaAuthWsCancelConfirm.java
[13/08/2013 17:07:56] DEBUG [DocIndexingThred] - indexing: CKomendaAuthWsReturnConfirm.java
[13/08/2013 17:07:56] DEBUG [DocIndexingThred] - indexing: CKomendaAuthWsTranConfirm.java
[13/08/2013 17:07:56] DEBUG [DocIndexingThred] - indexing: IAuthWsOperation.java
[13/08/2013 17:07:56] DEBUG [DocIndexingThred] - indexing: CKomendaAuthWsReturnRegister.java
[13/08/2013 17:07:56] DEBUG [DocIndexingThred] - indexing: CAuthWsManager.java
[13/08/2013 17:07:56] DEBUG [DocIndexingThred] - indexing: CKomendaAuthWsTranRegister.java
[13/08/2013 17:07:56] DEBUG [DocIndexingThred] - indexing: CProcAuthWsCancelConfirm.java
[13/08/2013 17:07:56] DEBUG [DocIndexingThred] - indexing: CProcAuthWsWrite.java
[13/08/2013 17:07:56] DEBUG [DocIndexingThred] - indexing: CProcAuthWsVerifyRetry.java
[13/08/2013 17:07:56] DEBUG [DocIndexingThred] - indexing: CProcAuthWsCancelVerify.java
[13/08/2013 17:07:56] DEBUG [DocIndexingThred] - indexing: CProcAuthWsCheckReturn.java
[13/08/2013 17:07:56] DEBUG [DocIndexingThred] - indexing: CFabrykaParserowAvalon.conf.xml
[13/08/2013 17:07:56] DEBUG [DocIndexingThred] - indexing: aplikacja.xml
[13/08/2013 17:07:56] DEBUG [DocIndexingThred] - indexing: config.xml
[13/08/2013 17:07:56] DEBUG [DocIndexingThred] - indexing: config_app.xml
[13/08/2013 17:07:56] DEBUG [DocIndexingThred] - indexing: CCreditDetails.java
[13/08/2013 17:07:56] DEBUG [DocIndexingThred] - indexing: CKonfiguratorXfmf.java
[13/08/2013 17:07:56] DEBUG [DocIndexingThred] - indexing: fabryki.xml
[13/08/2013 17:07:56] DEBUG [DocIndexingThred] - indexing: log4jcfg.xml
[13/08/2013 17:07:56] DEBUG [DocIndexingThred] - indexing: Komendy.roles.xml
[13/08/2013 17:07:56] DEBUG [DocIndexingThred] - indexing: konfiguracja.xml
[13/08/2013 17:07:56] DEBUG [DocIndexingThred] - indexing: Komendy.conf.xml
[13/08/2013 17:07:56] DEBUG [DocIndexingThred] - indexing: logkit.conf.xml
[13/08/2013 17:07:56] DEBUG [DocIndexingThred] - indexing: CFabrykaDeSerializacjiAvalon.conf.xml
[13/08/2013 17:07:56] DEBUG [DocIndexingThred] - indexing: WykonawcyKomend.roles.xml
[13/08/2013 17:07:56] DEBUG [DocIndexingThred] - indexing: WykonawcyKomend.conf.xml
[13/08/2013 17:07:56] DEBUG [DocIndexingThred] - indexing: CKomendaCreditDetails.java
[13/08/2013 17:07:56] DEBUG [DocIndexingThred] - indexing: CKomendaActivateVoucher.java
[13/08/2013 17:07:56] DEBUG [DocIndexingThred] - indexing: VPServletContextListener.java
[13/08/2013 17:07:56] DEBUG [DocIndexingThred] - indexing: CKomendaCheckCompl.java
[13/08/2013 17:07:56] DEBUG [DocIndexingThred] - indexing: CKomendaComplAdd.java
[13/08/2013 17:07:56] DEBUG [DocIndexingThred] - indexing: CKomendaComplDetails.java
[13/08/2013 17:07:56] DEBUG [DocIndexingThred] - indexing: CKomendaComplListAcct.java
[13/08/2013 17:07:56] DEBUG [DocIndexingThred] - indexing: CKomendaComplList.java
[13/08/2013 17:07:56] DEBUG [DocIndexingThred] - indexing: CKomendaComplSave.java
[13/08/2013 17:07:56] DEBUG [DocIndexingThred] - indexing: CKomendaIssued.java
[13/08/2013 17:07:56] DEBUG [DocIndexingThred] - indexing: CKomendaCouponDetails.java
[13/08/2013 17:07:56] DEBUG [DocIndexingThred] - indexing: CKomendaMigData.java
[13/08/2013 17:07:56] DEBUG [DocIndexingThred] - indexing: CKomendaPlanList.java
[13/08/2013 17:07:56] DEBUG [DocIndexingThred] - indexing: CKomendaPrintVoucher.java
[13/08/2013 17:07:56] DEBUG [DocIndexingThred] - indexing: CKomendaSettlementParam.java
[13/08/2013 17:07:56] DEBUG [DocIndexingThred] - indexing: CAccessFilter.java
[13/08/2013 17:07:56] DEBUG [DocIndexingThred] - indexing: CVoucherServlet.java
[13/08/2013 17:07:56] DEBUG [DocIndexingThred] - indexing: VPShellNDCFilter.java
[13/08/2013 17:07:56] DEBUG [DocIndexingThred] - indexing: CVoucher.java
[13/08/2013 17:07:56] DEBUG [DocIndexingThred] - indexing: ArrayOfCardProd.java
[13/08/2013 17:07:56] DEBUG [DocIndexingThred] - indexing: ArrayOfActAuth.java
[13/08/2013 17:07:56] DEBUG [DocIndexingThred] - indexing: ArrayOfHist.java
[13/08/2013 17:07:56] DEBUG [DocIndexingThred] - indexing: ArrayOfExchangeRates.java
[13/08/2013 17:07:56] DEBUG [DocIndexingThred] - indexing: ArrayOfMrch.java
[13/08/2013 17:07:56] DEBUG [DocIndexingThred] - indexing: ArrayOfOrg.java
[13/08/2013 17:07:56] DEBUG [DocIndexingThred] - indexing: ArrayOfRegs.java
[13/08/2013 17:07:56] DEBUG [DocIndexingThred] - indexing: ArrayOfString.java
[13/08/2013 17:07:56] DEBUG [DocIndexingThred] - indexing: ArrayOfType.java
[13/08/2013 17:07:56] DEBUG [DocIndexingThred] - indexing: ArrayOfUbezpProd.java
[13/08/2013 17:07:56] DEBUG [DocIndexingThred] - indexing: AuthEntry.java
[13/08/2013 17:07:56] DEBUG [DocIndexingThred] - indexing: CAdresT.java
[13/08/2013 17:07:56] DEBUG [DocIndexingThred] - indexing: CardProdEntry.java
[13/08/2013 17:07:56] DEBUG [DocIndexingThred] - indexing: CDaneAktKartPostT.java
[13/08/2013 17:07:56] DEBUG [DocIndexingThred] - indexing: CDaneAutoryzacjiT.java
[13/08/2013 17:07:56] DEBUG [DocIndexingThred] - indexing: CDaneAutoryzacjiTA.java
[13/08/2013 17:07:56] DEBUG [DocIndexingThred] - indexing: CDaneKartyExT.txt
[13/08/2013 17:07:56] DEBUG [DocIndexingThred] - indexing: CDaneBankuT.java
[13/08/2013 17:07:56] DEBUG [DocIndexingThred] - indexing: CDaneKartyT.java
[13/08/2013 17:07:56] DEBUG [DocIndexingThred] - indexing: CDaneKlienta.java
[13/08/2013 17:07:56] DEBUG [DocIndexingThred] - indexing: CDaneKartyTA.java
[13/08/2013 17:07:56] DEBUG [DocIndexingThred] - indexing: CDaneKlientaTA.java
[13/08/2013 17:07:56] DEBUG [DocIndexingThred] - indexing: CDaneKlientaT.java
[13/08/2013 17:07:56] DEBUG [DocIndexingThred] - indexing: CDaneKredytuDyrektywaWeT.java
[13/08/2013 17:07:56] DEBUG [DocIndexingThred] - indexing: CDaneOperacjiT.java
[13/08/2013 17:07:56] DEBUG [DocIndexingThred] - indexing: CDaneKredytuWeT.java
[13/08/2013 17:07:56] DEBUG [DocIndexingThred] - indexing: CDaneOperacjiTA.java
[13/08/2013 17:07:56] DEBUG [DocIndexingThred] - indexing: CDanePotwierdzeniaPrzelewuT.java
[13/08/2013 17:07:56] DEBUG [DocIndexingThred] - indexing: CDaneOperTA.java
[13/08/2013 17:07:56] DEBUG [DocIndexingThred] - indexing: CDaneOperT.java
[13/08/2013 17:07:57] DEBUG [DocIndexingThred] - indexing: CDanePotwierdzeniaTA.java
[13/08/2013 17:07:57] DEBUG [DocIndexingThred] - indexing: CDaneRachMigrPostT.java
[13/08/2013 17:07:57] DEBUG [DocIndexingThred] - indexing: CDanePromocji.java
[13/08/2013 17:07:57] DEBUG [DocIndexingThred] - indexing: CDanePotwierdzeniaT.java
[13/08/2013 17:07:57] DEBUG [DocIndexingThred] - indexing: CDaneUbezpTA.java
[13/08/2013 17:07:57] DEBUG [DocIndexingThred] - indexing: CDaneUbezpT.java
[13/08/2013 17:07:57] DEBUG [DocIndexingThred] - indexing: CDaneToip.java
[13/08/2013 17:07:57] DEBUG [DocIndexingThred] - indexing: CElementListyKodowOperacji.java
[13/08/2013 17:07:57] DEBUG [DocIndexingThred] - indexing: CElementListyObrotyKartT.java
[13/08/2013 17:07:57] DEBUG [DocIndexingThred] - indexing: CDaneRachunkuT.java
[13/08/2013 17:07:57] DEBUG [DocIndexingThred] - indexing: CElementListyDyspOtwPlanuT.java
[13/08/2013 17:07:57] DEBUG [DocIndexingThred] - indexing: CElementListyPctT.java
[13/08/2013 17:07:57] DEBUG [DocIndexingThred] - indexing: CElementListyPlanowT.java
[13/08/2013 17:07:57] DEBUG [DocIndexingThred] - indexing: CElementListyPlanowOrgLogoT.java
[13/08/2013 17:07:57] DEBUG [DocIndexingThred] - indexing: CElementListyPotwierdzenPrzelewowT.java
[13/08/2013 17:07:57] DEBUG [DocIndexingThred] - indexing: CElementListySymulacjaT.java
[13/08/2013 17:07:57] DEBUG [DocIndexingThred] - indexing: CElementListyZdefiniowanychRachunkowT.java
[13/08/2013 17:07:57] DEBUG [DocIndexingThred] - indexing: CExchangeRate.java
[13/08/2013 17:07:57] DEBUG [DocIndexingThred] - indexing: CElementListyTypowOdbiorcowT.java
[13/08/2013 17:07:57] DEBUG [DocIndexingThred] - indexing: CElementListySzablonowPrzelewowT.java
[13/08/2013 17:07:57] DEBUG [DocIndexingThred] - indexing: CIdentyfikatoryPZ.java
[13/08/2013 17:07:57] DEBUG [DocIndexingThred] - indexing: CKomunikatOdmowyTA.java
[13/08/2013 17:07:57] DEBUG [DocIndexingThred] - indexing: CInfoOMigracjiKartTA.java
[13/08/2013 17:07:57] DEBUG [DocIndexingThred] - indexing: CInfoOMigracjiKartT.java
[13/08/2013 17:07:57] DEBUG [DocIndexingThred] - indexing: CKomunikatOdmowyT.java
[13/08/2013 17:07:57] DEBUG [DocIndexingThred] - indexing: CKontakty.java
[13/08/2013 17:07:57] DEBUG [DocIndexingThred] - indexing: CKontakt.java
[13/08/2013 17:07:57] DEBUG [DocIndexingThred] - indexing: CKosztyKredytuDyrektywaT.java
[13/08/2013 17:07:57] DEBUG [DocIndexingThred] - indexing: CKosztyKredytuT.java
[13/08/2013 17:07:57] DEBUG [DocIndexingThred] - indexing: CListaDyspOtwPlanuTA.java
[13/08/2013 17:07:57] DEBUG [DocIndexingThred] - indexing: CKursWaluty.java
[13/08/2013 17:07:57] DEBUG [DocIndexingThred] - indexing: CListaObrotyKartTA.java
[13/08/2013 17:07:57] DEBUG [DocIndexingThred] - indexing: CListaKodowOperacji.java
[13/08/2013 17:07:57] DEBUG [DocIndexingThred] - indexing: CListaOrgLogo.java
[13/08/2013 17:07:57] DEBUG [DocIndexingThred] - indexing: CListaPlanowOrgLogoTA.java
[13/08/2013 17:07:57] DEBUG [DocIndexingThred] - indexing: CListaPctTA.java
[13/08/2013 17:07:57] DEBUG [DocIndexingThred] - indexing: CListaPlanowTA.java
[13/08/2013 17:07:57] DEBUG [DocIndexingThred] - indexing: CListaPlanowSzczegolTA.java
[13/08/2013 17:07:57] DEBUG [DocIndexingThred] - indexing: CListaSzablonowPrzelewowTA.java
[13/08/2013 17:07:57] DEBUG [DocIndexingThred] - indexing: CListaPotwierdzenPrzelewowTA.java
[13/08/2013 17:07:57] DEBUG [DocIndexingThred] - indexing: CListaSymulacjiTA.java
[13/08/2013 17:07:57] DEBUG [DocIndexingThred] - indexing: CListaTypowOdbiorcowTA.java
[13/08/2013 17:07:57] DEBUG [DocIndexingThred] - indexing: CListaUbezpieczenTA.java
[13/08/2013 17:07:57] DEBUG [DocIndexingThred] - indexing: CListaZdefiniowanychRachunkowTA.java
[13/08/2013 17:07:57] DEBUG [DocIndexingThred] - indexing: CListaZlecenTA.java
[13/08/2013 17:07:57] DEBUG [DocIndexingThred] - indexing: CNadplatyT.java
[13/08/2013 17:07:57] DEBUG [DocIndexingThred] - indexing: CNadplatyTA.java
[13/08/2013 17:07:57] DEBUG [DocIndexingThred] - indexing: CNumeryRachunkowTA.java
[13/08/2013 17:07:57] DEBUG [DocIndexingThred] - indexing: COperacjaTA.java
[13/08/2013 17:07:57] DEBUG [DocIndexingThred] - indexing: COperacja.java
[13/08/2013 17:07:57] DEBUG [DocIndexingThred] - indexing: COperacjaT.java
[13/08/2013 17:07:57] DEBUG [DocIndexingThred] - indexing: COrgLogoElem.java
[13/08/2013 17:07:57] DEBUG [DocIndexingThred] - indexing: CPrzelewy.java
[13/08/2013 17:07:57] DEBUG [DocIndexingThred] - indexing: COperacjeRachunku.java
[13/08/2013 17:07:57] DEBUG [DocIndexingThred] - indexing: CPrzelew.java
[13/08/2013 17:07:57] DEBUG [DocIndexingThred] - indexing: CRachunekIndetyfikacja.java
[13/08/2013 17:07:57] DEBUG [DocIndexingThred] - indexing: CRekordWyszukKT.java
[13/08/2013 17:07:57] DEBUG [DocIndexingThred] - indexing: CRachunekIndetyfikacjaArray.java
[13/08/2013 17:07:57] DEBUG [DocIndexingThred] - indexing: CRekordWyszukPT.java
[13/08/2013 17:07:57] DEBUG [DocIndexingThred] - indexing: CRekordWyszukKTA.java
[13/08/2013 17:07:57] DEBUG [DocIndexingThred] - indexing: CRekordWyszukPTA.java
[13/08/2013 17:07:57] DEBUG [DocIndexingThred] - indexing: CRekordWyszukT.java
[13/08/2013 17:07:57] DEBUG [DocIndexingThred] - indexing: CSzczegolyPrzelewu.java
[13/08/2013 17:07:57] DEBUG [DocIndexingThred] - indexing: CSzczegolyPrzelewuSepa.java
[13/08/2013 17:07:57] DEBUG [DocIndexingThred] - indexing: CSzczegolyPlanuT.java
[13/08/2013 17:07:57] DEBUG [DocIndexingThred] - indexing: CTablicaKursowWalut.java
[13/08/2013 17:07:57] DEBUG [DocIndexingThred] - indexing: CTypOdstWypKartWeT.java
[13/08/2013 17:07:57] DEBUG [DocIndexingThred] - indexing: CTypZastrzezKarteWeT.java
[13/08/2013 17:07:57] DEBUG [DocIndexingThred] - indexing: CUbezpieczenieProduktT.java
[13/08/2013 17:07:57] DEBUG [DocIndexingThred] - indexing: CZlecProdKartT.java
[13/08/2013 17:07:57] DEBUG [DocIndexingThred] - indexing: ElementListyKodowKrajow.java
[13/08/2013 17:07:57] DEBUG [DocIndexingThred] - indexing: CWyciagTA.java
[13/08/2013 17:07:57] DEBUG [DocIndexingThred] - indexing: CWyciagT.java
[13/08/2013 17:07:57] DEBUG [DocIndexingThred] - indexing: ArrayOfActAuthHolder.java
[13/08/2013 17:07:57] DEBUG [DocIndexingThred] - indexing: HistEntry.java
[13/08/2013 17:07:57] DEBUG [DocIndexingThred] - indexing: EntryType.java
[13/08/2013 17:07:57] DEBUG [DocIndexingThred] - indexing: ArrayOfHistHolder.java
[13/08/2013 17:07:57] DEBUG [DocIndexingThred] - indexing: ArrayOfCardProdHolder.java
[13/08/2013 17:07:57] DEBUG [DocIndexingThred] - indexing: ArrayOfRegsHolder.java
[13/08/2013 17:07:57] DEBUG [DocIndexingThred] - indexing: ArrayOfMrchHolder.java
[13/08/2013 17:07:57] DEBUG [DocIndexingThred] - indexing: CDaneAutoryzacjiTAHolder.java
[13/08/2013 17:07:57] DEBUG [DocIndexingThred] - indexing: CDanePotwierdzeniaTAHolder.java
[13/08/2013 17:07:57] DEBUG [DocIndexingThred] - indexing: CDaneKlientaTHolder.java
[13/08/2013 17:07:57] DEBUG [DocIndexingThred] - indexing: ArrayOfStringHolder.java
[13/08/2013 17:07:57] DEBUG [DocIndexingThred] - indexing: CKomunikatOdmowyTAHolder.java
[13/08/2013 17:07:57] DEBUG [DocIndexingThred] - indexing: CListaZdefiniowanychRachunkowTAHolder.java
[13/08/2013 17:07:57] DEBUG [DocIndexingThred] - indexing: ListaKodowKrajow.java
[13/08/2013 17:07:57] DEBUG [DocIndexingThred] - indexing: MrchEntry.java
[13/08/2013 17:07:57] DEBUG [DocIndexingThred] - indexing: OperationNotAllowedException.java
[13/08/2013 17:07:57] DEBUG [DocIndexingThred] - indexing: ToipData.java
[13/08/2013 17:07:57] DEBUG [DocIndexingThred] - indexing: UbezpProdEntry.java
[13/08/2013 17:07:57] DEBUG [DocIndexingThred] - indexing: RegEntry.java
[13/08/2013 17:07:57] DEBUG [DocIndexingThred] - indexing: UbezpTypeEntry.java
[13/08/2013 17:07:57] DEBUG [DocIndexingThred] - indexing: DaneKartyIRachunku.java
[13/08/2013 17:07:57] DEBUG [DocIndexingThred] - indexing: DaneKartyIRachunkuA.java
[13/08/2013 17:07:57] DEBUG [DocIndexingThred] - indexing: release_VPShell.xml
[13/08/2013 17:07:57] DEBUG [DocIndexingThred] - indexing: CJBInfo.java
[13/08/2013 17:07:57] DEBUG [DocIndexingThred] - indexing: log4j.properties
[13/08/2013 17:07:57] DEBUG [DocIndexingThred] - not indexing:k2background.gif
[13/08/2013 17:07:57] DEBUG [DocIndexingThred] - indexing: MANIFEST.MF
[13/08/2013 17:07:57] DEBUG [DocIndexingThred] - indexing: vpshell.html
[13/08/2013 17:07:57] DEBUG [DocIndexingThred] - indexing: StockQuoteService.jws
[13/08/2013 17:07:57] DEBUG [DocIndexingThred] - indexing: log4j.properties
[13/08/2013 17:07:57] DEBUG [DocIndexingThred] - indexing: ibm-web-bnd.xmi
[13/08/2013 17:07:57] DEBUG [DocIndexingThred] - not indexing:ats-servlet.jar
[13/08/2013 17:07:57] DEBUG [DocIndexingThred] - not indexing:ats-taglibs-1.7.jar
[13/08/2013 17:07:57] DEBUG [DocIndexingThred] - not indexing:autoryzacja2.jar
[13/08/2013 17:07:57] DEBUG [DocIndexingThred] - not indexing:BazaZastrzPRD.jar
[13/08/2013 17:07:57] DEBUG [DocIndexingThred] - not indexing:BazaZastrzTEST.jar
[13/08/2013 17:07:57] DEBUG [DocIndexingThred] - not indexing:commons-net-1.3.0.jar
[13/08/2013 17:07:57] DEBUG [DocIndexingThred] - not indexing:dom4j.jar
[13/08/2013 17:07:57] DEBUG [DocIndexingThred] - not indexing:jstl.jar
[13/08/2013 17:07:57] DEBUG [DocIndexingThred] - not indexing:jt400Servlet.jar
[13/08/2013 17:07:57] DEBUG [DocIndexingThred] - not indexing:log4jlukas.jar
[13/08/2013 17:07:57] DEBUG [DocIndexingThred] - not indexing:standard.jar
[13/08/2013 17:07:57] DEBUG [DocIndexingThred] - indexing: Master.css
[13/08/2013 17:07:57] DEBUG [DocIndexingThred] - not indexing:utility.jar
[13/08/2013 17:07:57] DEBUG [DocIndexingThred] - not indexing:xsltc.jar
[13/08/2013 17:07:57] INFO [DaveonIndexer] - List iteration complete. Stopping Threads..
[13/08/2013 17:07:57] DEBUG [DocIndexingThred] - indexing: ibm-web-ext.xmi
[13/08/2013 17:07:57] DEBUG [DocIndexingThred] - Thread: DIT:3.shell(Thread[Thread-3,5,main]) interrupted with message: Clean finish.
[13/08/2013 17:07:57] INFO [DocIndexingThred] - Thread: DIT:3.shell(Thread[Thread-3,5,main])->173 exiting
[13/08/2013 17:07:57] DEBUG [DocIndexingThred] - indexing: SOAPMonitorApplet.java
[13/08/2013 17:07:57] DEBUG [DocIndexingThred] - indexing: web.xml
[13/08/2013 17:07:57] DEBUG [DocIndexingThred] - Thread: DIT:0.shell(Thread[Thread-0,5,main]) interrupted with message: Clean finish.
[13/08/2013 17:07:57] INFO [DocIndexingThred] - Thread: DIT:0.shell(Thread[Thread-0,5,main])->162 exiting
[13/08/2013 17:07:57] DEBUG [DocIndexingThred] - Thread: DIT:2.shell(Thread[Thread-2,5,main]) interrupted with message: Clean finish.
[13/08/2013 17:07:57] INFO [DocIndexingThred] - Thread: DIT:2.shell(Thread[Thread-2,5,main])->200 exiting
[13/08/2013 17:07:57] DEBUG [DocIndexingThred] - indexing: server-config.wsdd
[13/08/2013 17:07:57] DEBUG [DocIndexingThred] - Thread: DIT:1.shell(Thread[Thread-1,5,main]) interrupted with message: Clean finish.
[13/08/2013 17:07:57] INFO [DocIndexingThred] - Thread: DIT:1.shell(Thread[Thread-1,5,main])->186 exiting
[13/08/2013 17:07:57] INFO [DaveonIndexer] - Threads REJOIN complete.
[13/08/2013 17:07:59] INFO [DaveonIndexer] - Finalizacja .. commit 707 docs from IndexWriter's ram.
[13/08/2013 17:07:59] INFO [DaveonIndexer] - 
[13/08/2013 17:07:59] INFO [DaveonIndexer] - PODSUMOWANIE: 
[13/08/2013 17:07:59] INFO [DaveonIndexer] - Rozpoczecie indexowania    : Tue Aug 13 17:07:52 CEST 2013
[13/08/2013 17:07:59] INFO [DaveonIndexer] - Zakonczenie indexowania    : Tue Aug 13 17:07:59 CEST 2013
[13/08/2013 17:07:59] INFO [DaveonIndexer] - Liczba dokumentw w indexie  : 707
[13/08/2013 17:07:59] INFO [DaveonIndexer] - 
